<?xml version="1.0" encoding="UTF-8"?>
<!-- Generated by org.testng.reporters.JUnitXMLReporter -->
<testsuite hostname="WINAP185303-OTM" name="Default test" tests="4" failures="0" timestamp="31 Mar 2018 08:26:34 GMT" time="0.028" errors="0">
  <testcase name="add" time="0.012" classname="com.qa.test.SimpleTest"/>
  <testcase name="div" time="0.0" classname="com.qa.test.SimpleTest"/>
  <testcase name="mul" time="0.0" classname="com.qa.test.SimpleTest"/>
  <testcase name="sub" time="0.0" classname="com.qa.test.SimpleTest"/>
</testsuite> <!-- Default test -->
