<?xml version="1.0" encoding="UTF-8"?>
<!-- Generated by org.testng.reporters.JUnitXMLReporter -->
<testsuite hostname="WINAP185303-OTM" name="Test" tests="4" failures="0" timestamp="31 Mar 2018 09:47:09 GMT" time="0.032" errors="0">
  <testcase name="add" time="0.012" classname="com.qa.test.Simple1Test"/>
  <testcase name="div" time="0.001" classname="com.qa.test.Simple1Test"/>
  <testcase name="mul" time="0.001" classname="com.qa.test.Simple1Test"/>
  <testcase name="sub" time="0.001" classname="com.qa.test.Simple1Test"/>
</testsuite> <!-- Test -->
