<?xml version="1.0" encoding="UTF-8"?>
<testng-results skipped="0" failed="0" total="4" passed="4">
  <reporter-output>
  </reporter-output>
  <suite name="Suite" duration-ms="26" started-at="2018-03-31T09:47:23Z" finished-at="2018-03-31T09:47:23Z">
    <groups>
    </groups>
    <test name="Test" duration-ms="26" started-at="2018-03-31T09:47:23Z" finished-at="2018-03-31T09:47:23Z">
      <class name="com.qa.test.Simple1Test">
        <test-method status="PASS" signature="add()[pri:0, instance:com.qa.test.Simple1Test@6442b0a6]" name="add" duration-ms="14" started-at="2018-03-31T15:17:23Z" finished-at="2018-03-31T15:17:23Z">
          <reporter-output>
          </reporter-output>
        </test-method> <!-- add -->
        <test-method status="PASS" signature="div()[pri:0, instance:com.qa.test.Simple1Test@6442b0a6]" name="div" duration-ms="1" started-at="2018-03-31T15:17:23Z" finished-at="2018-03-31T15:17:23Z">
          <reporter-output>
          </reporter-output>
        </test-method> <!-- div -->
        <test-method status="PASS" signature="mul()[pri:0, instance:com.qa.test.Simple1Test@6442b0a6]" name="mul" duration-ms="0" started-at="2018-03-31T15:17:23Z" finished-at="2018-03-31T15:17:23Z">
          <reporter-output>
          </reporter-output>
        </test-method> <!-- mul -->
        <test-method status="PASS" signature="sub()[pri:0, instance:com.qa.test.Simple1Test@6442b0a6]" name="sub" duration-ms="0" started-at="2018-03-31T15:17:23Z" finished-at="2018-03-31T15:17:23Z">
          <reporter-output>
          </reporter-output>
        </test-method> <!-- sub -->
      </class> <!-- com.qa.test.Simple1Test -->
    </test> <!-- Test -->
  </suite> <!-- Suite -->
</testng-results>
